MPASM  5.51                    PRATICA1_3.ASM   9-6-2016  18:16:43         PAGE  1


LOC  OBJECT CODE     LINE SOURCE TEXT
  VALUE

                      00001 ;****************************************************************************************************
                      00002 ; PRATICA2.ASM
                      00003 ; Prof. Maurílio J. Inácio
                      00004 ; Engenharia de Sistemas
                      00005 ; Unimontes / 2016
                      00006 ;
                      00007 ;****************************************************************************************************
                      00008 ;
                      00009 ;Digito mais                       Digito menos
                      00010 ;                                           significativo                  significativo
                      00011 ;                                                 ---a1---                       ---a2---  
                      00012 ;                                                |        |                             |        |      
                      00013 ;                                                f1       b1                    f2       b2
                      00014 ;                                                |        |                             |        |
                      00015 ;                                                 ---g1---                               ---g2--- 
                      00016 ;                                                |        |                             |        |
                      00017 ;                                                e1       c1                    e2       c2
                      00018 ;                                                |        |                             |        |
                      00019 ;                                                 ---d1---  .p1                  ---d2---  .p2
                      00020 ;---------------------------------------------------------------------------------------------------
                      00021 ; Configuração do microcontrolador
                      00022 ;---------------------------------------------------------------------------------------------------
                      00023         list p=18F4550 ; define o modelo do microcontrolador
                      00024         #include <p18f4550.inc> ; inclui um arquivo adicional
                      00001         LIST
                      00002 
                      00003 ;==========================================================================
                      00004 ;  MPASM PIC18F4550 processor include
                      00005 ; 
                      00006 ;  (c) Copyright 1999-2013 Microchip Technology, All rights reserved
                      00007 ;==========================================================================
                      00008 
                      01764         LIST
00 0C 1F 1E 83 01 0F C00025         CONFIG WDT=OFF ; desabilita o Watchdog Timer
       0 0F E0 0F 40 
                      00026         CONFIG MCLRE = ON ; define o estado do pino MCLEAR
                      00027         CONFIG DEBUG = ON ; habilita o Debug Mode
                      00028         CONFIG LVP = OFF ; desabilita o modo Low-Voltage Programming
                      00029         CONFIG FOSC = HS ; define o oscilador externo tipo HS
                      00030 ;---------------------------------------------------------------------------------------------------
                      00031 ; Definição de rótulos
                      00032 ;---------------------------------------------------------------------------------------------------
                      00033         #define LED PORTD,1 ; rótulo para o Led3
                      00034         #define BUZZER PORTC,1
                      00035         #define BTN_BOOT PORTB,4 ; rótulo para o botão Boot
                      00036         #define BTN_ONE PORTE,1 ; rótulo para o botão 1
                      00037         #define BTN_TWO PORTE,2 ; rótulo para o botão 1
                      00038         #define RELE PORTC,0; 
                      00039         #define KEY_1 PORTA,1; chave porta 1
                      00040         #define KEY_2 PORTA,2; chave porta 2    
                      00041         #define KEY_3 PORTA,3; chave porta 3
                      00042         #define KEY_4 PORTA,4; chave porta 4
Warning[207]: Found label after column 1. (DAT)
MPASM  5.51                    PRATICA1_3.ASM   9-6-2016  18:16:43         PAGE  2


LOC  OBJECT CODE     LINE SOURCE TEXT
  VALUE

000000 0000           00043         DAT DB 0x00
                      00044         #define SEGMENT_A1 PORTD,5;
                      00045         #define SEGMENT_B1 PORTD,4;
                      00046         #define SEGMENT_C1 PORTB,5;
                      00047         #define SEGMENT_D1 PORTB,6;
                      00048         #define SEGMENT_E1 PORTB,7;
                      00049         #define SEGMENT_F1 PORTD,7;
                      00050         #define SEGMENT_G1 PORTD,6;
                      00051         #define SEGMENT_A2 PORTC,6;
                      00052         #define SEGMENT_B2 PORTD,2;
                      00053         #define SEGMENT_C2 PORTB,0;
                      00054         #define SEGMENT_D2 PORTB,2;
                      00055         #define SEGMENT_E2 PORTB,3;
                      00056         #define SEGMENT_F2 PORTC,7;
                      00057         #define SEGMENT_G2 PORTB,1;
                      00058         
                      00059 ;---------------------------------------------------------------------------------------------------
                      00060 ; Rotina principal
                      00061 ;---------------------------------------------------------------------------------------------------
001000                00062         org 0x1000 ; endereço inicial do programa
001000 6A81           00063         clrf PORTB ; limpa a porta B
001002 6A83           00064         clrf PORTD ; limpa a porta D
001004 6A84           00065         clrf PORTE ; limpa a porta E
001006 6A82           00066         clrf PORTC ; limpa a porta C
001008 6A80           00067         clrf PORTA ; limpa a porta A
                      00068 
00100A 0E7F           00069         movlw b'1111111'; %Configura como porta de entrada
00100C 6E92           00070         movwf TRISA
                      00071 
00100E 0E0F           00072         movlw b'00001111'; %desabilita funçã analogica
001010 6EC1           00073         movwf ADCON1
                      00074 
001012 0E06           00075         movlw b'0110'; %Configura como porta de entrada
001014 6E96           00076         movwf TRISE
                      00077 
001016 0E00           00078         movlw b'00000000' ; configura os pinos da porta B
001018 6E93           00079         movwf TRISB
                      00080         
00101A 0E00           00081         movlw b'00000000' ; configura os pinos da porta D
00101C 6E95           00082         movwf TRISD
                      00083         
00101E 0E00           00084         movlw b'0000000'
001020 6E94           00085         movwf TRISC
                      00086 
                      00087         
                      00088         
                      00089 
001022                00090 LOOP
                      00091         ;Zerar as outras entradas
001022 5080           00092         movf PORTA,w
001024 6E00           00093         movwf DAT
001026 0E1E           00094         movlw b'00011110'
001028 1600           00095         andwf DAT,f
MPASM  5.51                    PRATICA1_3.ASM   9-6-2016  18:16:43         PAGE  3


LOC  OBJECT CODE     LINE SOURCE TEXT
  VALUE

                      00096 
00102A EC4B F008      00097         call CLEAR_DISPLAY;
                      00098  
00102E 0E1E           00099         movlw b'00011110'
001030 5C00           00100         subwf DAT,w
001032 B4D8           00101         btfsc STATUS,2
001034 EC53 F008      00102         call DISPLAY_0
                      00103 
001038 0E0E           00104         movlw b'00001110'
00103A 5C00           00105         subwf DAT,w
00103C B4D8           00106         btfsc STATUS,2
00103E EC5B F008      00107         call DISPLAY_1
                      00108 
001042 0E16           00109         movlw b'00010110'
001044 5C00           00110         subwf DAT,w
001046 B4D8           00111         btfsc STATUS,2
001048 EC63 F008      00112         call DISPLAY_2
                      00113 
                      00114 
00104C 0E06           00115         movlw b'00000110'
00104E 5C00           00116         subwf DAT,w
001050 B4D8           00117         btfsc STATUS,2
001052 EC6B F008      00118         call DISPLAY_3
                      00119 
                      00120 
001056 0E1A           00121         movlw b'00011010'
001058 5C00           00122         subwf DAT,w
00105A B4D8           00123         btfsc STATUS,2
00105C EC73 F008      00124         call DISPLAY_4
                      00125 
001060 0E0A           00126         movlw b'00001010'
001062 5C00           00127         subwf DAT,w
001064 B4D8           00128         btfsc STATUS,2
001066 EC7B F008      00129         call DISPLAY_5
                      00130 
00106A 0E12           00131         movlw b'00010010'
00106C 5C00           00132         subwf DAT,w
00106E B4D8           00133         btfsc STATUS,2
001070 EC83 F008      00134         call DISPLAY_6
                      00135 
001074 0E02           00136         movlw b'00000010'
001076 5C00           00137         subwf DAT,w
001078 B4D8           00138         btfsc STATUS,2
00107A EC8B F008      00139         call DISPLAY_7
                      00140 
00107E 0E1C           00141         movlw b'00011100'
001080 5C00           00142         subwf DAT,w
001082 B4D8           00143         btfsc STATUS,2
001084 EC93 F008      00144         call DISPLAY_8
                      00145 
001088 0E0C           00146         movlw b'00001100'
00108A 5C00           00147         subwf DAT,w
00108C B4D8           00148         btfsc STATUS,2
MPASM  5.51                    PRATICA1_3.ASM   9-6-2016  18:16:43         PAGE  4


LOC  OBJECT CODE     LINE SOURCE TEXT
  VALUE

00108E EC9B F008      00149         call DISPLAY_9
                      00150 
                      00151         
                      00152 
001092 EF11 F008      00153         goto LOOP
                      00154 
001096                00155 CLEAR_DISPLAY
                      00156         
001096 8A83           00157         bsf SEGMENT_A1
001098 8883           00158         bsf SEGMENT_B1
00109A 8A81           00159         bsf SEGMENT_C1
00109C 8C81           00160         bsf SEGMENT_D1
00109E 8E81           00161         bsf SEGMENT_E1
0010A0 8E83           00162         bsf SEGMENT_F1
0010A2 8C83           00163         bsf SEGMENT_G1
                      00164 
                      00165 
0010A4 0012           00166         RETURN
                      00167 
0010A6                00168 DISPLAY_0       
                      00169 
0010A6 9C82           00170         bcf SEGMENT_A2
0010A8 9483           00171         bcf SEGMENT_B2
0010AA 9081           00172         bcf SEGMENT_C2
0010AC 9481           00173         bcf SEGMENT_D2
0010AE 9681           00174         bcf SEGMENT_E2
0010B0 9E82           00175         bcf SEGMENT_F2
                      00176 
0010B2 8281           00177         bsf SEGMENT_G2
                      00178         
0010B4 0012           00179         RETURN
                      00180 
0010B6                00181 DISPLAY_1
                      00182 
0010B6 9483           00183         bcf SEGMENT_B2
0010B8 9081           00184         bcf SEGMENT_C2
                      00185 
0010BA 8C82           00186         bsf SEGMENT_A2
0010BC 8481           00187         bsf SEGMENT_D2
0010BE 8681           00188         bsf SEGMENT_E2
0010C0 8E82           00189         bsf SEGMENT_F2
0010C2 8281           00190         bsf SEGMENT_G2
                      00191         
0010C4 0012           00192         RETURN;
                      00193 
0010C6                00194 DISPLAY_2
                      00195 
0010C6 9C82           00196         bcf SEGMENT_A2
0010C8 9483           00197         bcf SEGMENT_B2
0010CA 9481           00198         bcf SEGMENT_D2
0010CC 9681           00199         bcf SEGMENT_E2
0010CE 9281           00200         bcf SEGMENT_G2
                      00201 
MPASM  5.51                    PRATICA1_3.ASM   9-6-2016  18:16:43         PAGE  5


LOC  OBJECT CODE     LINE SOURCE TEXT
  VALUE

0010D0 8081           00202         bsf SEGMENT_C2
0010D2 8E82           00203         bsf SEGMENT_F2
                      00204         
0010D4 0012           00205         RETURN;
                      00206 
0010D6                00207 DISPLAY_3
0010D6 9C82           00208         bcf SEGMENT_A2
0010D8 9483           00209         bcf SEGMENT_B2
0010DA 9081           00210         bcf SEGMENT_C2
0010DC 9481           00211         bcf SEGMENT_D2
0010DE 8681           00212         bsf SEGMENT_E2
0010E0 8E82           00213         bsf SEGMENT_F2
0010E2 9281           00214         bcf SEGMENT_G2
0010E4 0012           00215         RETURN;
                      00216 
                      00217 
0010E6                00218 DISPLAY_4
0010E6 8C82           00219         bsf SEGMENT_A2
0010E8 9483           00220         bcf SEGMENT_B2
0010EA 9081           00221         bcf SEGMENT_C2
0010EC 8481           00222         bsf SEGMENT_D2
0010EE 8681           00223         bsf SEGMENT_E2
0010F0 9E82           00224         bcf SEGMENT_F2
0010F2 9281           00225         bcf SEGMENT_G2
0010F4 0012           00226         RETURN;
                      00227 
                      00228 
0010F6                00229 DISPLAY_5
0010F6 9C82           00230         bcf SEGMENT_A2
0010F8 8483           00231         bsf SEGMENT_B2
0010FA 9081           00232         bcf SEGMENT_C2
0010FC 9481           00233         bcf SEGMENT_D2
0010FE 8681           00234         bsf SEGMENT_E2
001100 9E82           00235         bcf SEGMENT_F2
001102 9281           00236         bcf SEGMENT_G2
001104 0012           00237         RETURN;
                      00238 
001106                00239 DISPLAY_6
001106 8C82           00240         bsf SEGMENT_A2
001108 8483           00241         bsf SEGMENT_B2
00110A 9081           00242         bcf SEGMENT_C2
00110C 9481           00243         bcf SEGMENT_D2
00110E 9681           00244         bcf SEGMENT_E2
001110 9E82           00245         bcf SEGMENT_F2
001112 9281           00246         bcf SEGMENT_G2
001114 0012           00247         RETURN;
                      00248 
                      00249 
001116                00250 DISPLAY_7
001116 9C82           00251         bcf SEGMENT_A2
001118 9483           00252         bcf SEGMENT_B2
00111A 9081           00253         bcf SEGMENT_C2
00111C 8481           00254         bsf SEGMENT_D2
MPASM  5.51                    PRATICA1_3.ASM   9-6-2016  18:16:43         PAGE  6


LOC  OBJECT CODE     LINE SOURCE TEXT
  VALUE

00111E 8681           00255         bsf SEGMENT_E2
001120 8E82           00256         bsf SEGMENT_F2
001122 8281           00257         bsf SEGMENT_G2
001124 0012           00258         RETURN;
                      00259 
                      00260 
001126                00261 DISPLAY_8
001126 9C82           00262         bcf SEGMENT_A2
001128 9483           00263         bcf SEGMENT_B2
00112A 9081           00264         bcf SEGMENT_C2
00112C 9481           00265         bcf SEGMENT_D2
00112E 9681           00266         bcf SEGMENT_E2
001130 9E82           00267         bcf SEGMENT_F2
001132 9281           00268         bcf SEGMENT_G2
001134 0012           00269         RETURN;
                      00270 
                      00271 
001136                00272 DISPLAY_9
001136 9C82           00273         bcf SEGMENT_A2
001138 9483           00274         bcf SEGMENT_B2
00113A 9081           00275         bcf SEGMENT_C2
00113C 8481           00276         bsf SEGMENT_D2
00113E 8681           00277         bsf SEGMENT_E2
001140 9E82           00278         bcf SEGMENT_F2
001142 9281           00279         bcf SEGMENT_G2
001144 0012           00280         RETURN;
                      00281 
                      00282 
                      00283         end
MPASM  5.51                    PRATICA1_3.ASM   9-6-2016  18:16:43         PAGE  7


SYMBOL TABLE
  LABEL                             VALUE 

A                                 00000000
ABDEN                             00000000
ABDOVF                            00000007
ACCESS                            00000000
ACKDT                             00000005
ACKEN                             00000004
ACKSTAT                           00000006
ACQT0                             00000003
ACQT1                             00000004
ACQT2                             00000005
ACTVIE                            00000002
ACTVIF                            00000002
ADCON0                            00000FC2
ADCON1                            00000FC1
ADCON2                            00000FC0
ADCS0                             00000000
ADCS1                             00000001
ADCS2                             00000002
ADDEN                             00000003
ADDR0                             00000000
ADDR1                             00000001
ADDR2                             00000002
ADDR3                             00000003
ADDR4                             00000004
ADDR5                             00000005
ADDR6                             00000006
ADEN                              00000003
ADFM                              00000007
ADIE                              00000006
ADIF                              00000006
ADIP                              00000006
ADON                              00000000
ADRES                             00000FC3
ADRESH                            00000FC4
ADRESL                            00000FC3
AN0                               00000000
AN1                               00000001
AN2                               00000002
AN3                               00000003
AN4                               00000005
BANKED                            00000001
BAUDCON                           00000FB8
BAUDCTL                           00000FB8
BCLIE                             00000003
BCLIF                             00000003
BCLIP                             00000003
BF                                00000000
BGST                              00000005
BOR                               00000000
BRG16                             00000003
BRGH                              00000002
BSR                               00000FE0
BTN_BOOT                          PORTB,4
MPASM  5.51                    PRATICA1_3.ASM   9-6-2016  18:16:43         PAGE  8


SYMBOL TABLE
  LABEL                             VALUE 

BTN_ONE                           PORTE,1
BTN_TWO                           PORTE,2
BTOEE                             00000004
BTOEF                             00000004
BTSEE                             00000007
BTSEF                             00000007
BUZZER                            PORTC,1
C                                 00000000
C1INV                             00000004
C1OUT                             00000006
C2INV                             00000005
C2OUT                             00000007
CCP1                              00000002
CCP1AS                            00000FB6
CCP1CON                           00000FBD
CCP1DEL                           00000FB7
CCP1IE                            00000002
CCP1IF                            00000002
CCP1IP                            00000002
CCP1M0                            00000000
CCP1M1                            00000001
CCP1M2                            00000002
CCP1M3                            00000003
CCP2CON                           00000FBA
CCP2IE                            00000000
CCP2IF                            00000000
CCP2IP                            00000000
CCP2M0                            00000000
CCP2M1                            00000001
CCP2M2                            00000002
CCP2M3                            00000003
CCPR1                             00000FBE
CCPR1H                            00000FBF
CCPR1L                            00000FBE
CCPR2                             00000FBB
CCPR2H                            00000FBC
CCPR2L                            00000FBB
CFGS                              00000006
CHS0                              00000002
CHS1                              00000003
CHS2                              00000004
CHS3                              00000005
CIS                               00000003
CK                                00000006
CK1SPP                            00000000
CK2SPP                            00000001
CKE                               00000006
CKP                               00000004
CLEAR_DISPLAY                     00001096
CLK1EN                            00000004
CLKCFG0                           00000006
CLKCFG1                           00000007
CM0                               00000000
MPASM  5.51                    PRATICA1_3.ASM   9-6-2016  18:16:43         PAGE  9


SYMBOL TABLE
  LABEL                             VALUE 

CM1                               00000001
CM2                               00000002
CMCON                             00000FB4
CMIE                              00000006
CMIF                              00000006
CMIP                              00000006
CRC16EE                           00000002
CRC16EF                           00000002
CRC5EE                            00000001
CRC5EF                            00000001
CREN                              00000004
CSEN                              00000005
CSRC                              00000007
CVR0                              00000000
CVR1                              00000001
CVR2                              00000002
CVR3                              00000003
CVRCON                            00000FB5
CVREF                             00000004
CVREN                             00000007
CVROE                             00000006
CVRR                              00000005
CVRSS                             00000004
D                                 00000005
DAT                               00000000
DATA_ADDRESS                      00000005
DC                                00000001
DC1B0                             00000004
DC1B1                             00000005
DC2B0                             00000004
DC2B1                             00000005
DDRA                              TRISA
DDRB                              TRISB
DDRC                              TRISC
DDRD                              TRISD
DDRE                              TRISE
DFN8EE                            00000003
DFN8EF                            00000003
DIR                               00000002
DISPLAY_0                         000010A6
DISPLAY_1                         000010B6
DISPLAY_2                         000010C6
DISPLAY_3                         000010D6
DISPLAY_4                         000010E6
DISPLAY_5                         000010F6
DISPLAY_6                         00001106
DISPLAY_7                         00001116
DISPLAY_8                         00001126
DISPLAY_9                         00001136
DONE                              00000001
D_A                               00000005
D_NOT_A                           00000005
ECCP1AS                           00000FB6
MPASM  5.51                    PRATICA1_3.ASM   9-6-2016  18:16:43         PAGE 10


SYMBOL TABLE
  LABEL                             VALUE 

ECCP1CON                          00000FBD
ECCP1DEL                          00000FB7
ECCPAS0                           00000004
ECCPAS1                           00000005
ECCPAS2                           00000006
ECCPASE                           00000007
EEADR                             00000FA9
EECON1                            00000FA6
EECON2                            00000FA7
EEDATA                            00000FA8
EEIE                              00000004
EEIF                              00000004
EEIP                              00000004
EEPGD                             00000007
ENDP0                             00000003
ENDP1                             00000004
ENDP2                             00000005
ENDP3                             00000006
EPCONDIS                          00000003
EPHSHK                            00000004
EPINEN                            00000001
EPOUTEN                           00000002
EPSTALL                           00000000
FAST                              00000001
FERR                              00000002
FLTS                              00000002
FREE                              00000004
FRM0                              00000000
FRM1                              00000001
FRM10                             00000002
FRM2                              00000002
FRM3                              00000003
FRM4                              00000004
FRM5                              00000005
FRM6                              00000006
FRM7                              00000007
FRM8                              00000000
FRM9                              00000001
FSEN                              00000002
FSR0                              00000000
FSR0H                             00000FEA
FSR0L                             00000FE9
FSR1                              00000001
FSR1H                             00000FE2
FSR1L                             00000FE1
FSR2                              00000002
FSR2H                             00000FDA
FSR2L                             00000FD9
GCEN                              00000007
GIE                               00000007
GIEH                              00000007
GIEL                              00000006
GIE_GIEH                          00000007
MPASM  5.51                    PRATICA1_3.ASM   9-6-2016  18:16:43         PAGE 11


SYMBOL TABLE
  LABEL                             VALUE 

GO                                00000001
GO_DONE                           00000001
GO_NOT_DONE                       00000001
HLVDCON                           00000FD2
HLVDEN                            00000004
HLVDIE                            00000002
HLVDIF                            00000002
HLVDIN                            00000005
HLVDIP                            00000002
HLVDL0                            00000000
HLVDL1                            00000001
HLVDL2                            00000002
HLVDL3                            00000003
I2C_DAT                           00000005
I2C_READ                          00000002
I2C_START                         00000003
I2C_STOP                          00000004
IDLEIE                            00000004
IDLEIF                            00000004
IDLEN                             00000007
INDF0                             00000FEF
INDF1                             00000FE7
INDF2                             00000FDF
INT0                              00000000
INT0E                             00000004
INT0F                             00000001
INT0IE                            00000004
INT0IF                            00000001
INT1                              00000001
INT1E                             00000003
INT1F                             00000000
INT1IE                            00000003
INT1IF                            00000000
INT1IP                            00000006
INT1P                             00000006
INT2                              00000002
INT2E                             00000004
INT2F                             00000001
INT2IE                            00000004
INT2IF                            00000001
INT2IP                            00000007
INT2P                             00000007
INTCON                            00000FF2
INTCON2                           00000FF1
INTCON3                           00000FF0
INTEDG0                           00000006
INTEDG1                           00000005
INTEDG2                           00000004
INTSRC                            00000007
IOFS                              00000002
IPEN                              00000007
IPR1                              00000F9F
IPR2                              00000FA2
MPASM  5.51                    PRATICA1_3.ASM   9-6-2016  18:16:43         PAGE 12


SYMBOL TABLE
  LABEL                             VALUE 

IRCF0                             00000004
IRCF1                             00000005
IRCF2                             00000006
IRVST                             00000005
IVRST                             00000005
KEY_1                             PORTA,1
KEY_2                             PORTA,2
KEY_3                             PORTA,3
KEY_4                             PORTA,4
LATA                              00000F89
LATA0                             00000000
LATA1                             00000001
LATA2                             00000002
LATA3                             00000003
LATA4                             00000004
LATA5                             00000005
LATA6                             00000006
LATB                              00000F8A
LATB0                             00000000
LATB1                             00000001
LATB2                             00000002
LATB3                             00000003
LATB4                             00000004
LATB5                             00000005
LATB6                             00000006
LATB7                             00000007
LATC                              00000F8B
LATC0                             00000000
LATC1                             00000001
LATC2                             00000002
LATC6                             00000006
LATC7                             00000007
LATD                              00000F8C
LATD0                             00000000
LATD1                             00000001
LATD2                             00000002
LATD3                             00000003
LATD4                             00000004
LATD5                             00000005
LATD6                             00000006
LATD7                             00000007
LATE                              00000F8D
LATE0                             00000000
LATE1                             00000001
LATE2                             00000002
LED                               PORTD,1
LOOP                              00001022
LVDCON                            00000FD2
LVDEN                             00000004
LVDIE                             00000002
LVDIF                             00000002
LVDIN                             00000005
LVDIP                             00000002
MPASM  5.51                    PRATICA1_3.ASM   9-6-2016  18:16:43         PAGE 13


SYMBOL TABLE
  LABEL                             VALUE 

LVDL0                             00000000
LVDL1                             00000001
LVDL2                             00000002
LVDL3                             00000003
LVV0                              00000000
LVV1                              00000001
LVV2                              00000002
LVV3                              00000003
N                                 00000004
NOT_A                             00000005
NOT_ADDRESS                       00000005
NOT_BOR                           00000000
NOT_DONE                          00000001
NOT_IPEN                          00000007
NOT_PD                            00000002
NOT_POR                           00000001
NOT_RBPU                          00000007
NOT_RI                            00000004
NOT_T1SYNC                        00000002
NOT_T3SYNC                        00000002
NOT_TO                            00000003
NOT_W                             00000002
NOT_WRITE                         00000002
OERR                              00000001
OESPP                             00000002
OSC2                              00000006
OSCCON                            00000FD3
OSCFIE                            00000007
OSCFIF                            00000007
OSCFIP                            00000007
OSCTUNE                           00000F9B
OSTS                              00000003
OV                                00000003
P                                 00000004
P1A                               00000002
P1M0                              00000006
P1M1                              00000007
PC                                00000FF9
PCFG0                             00000000
PCFG1                             00000001
PCFG2                             00000002
PCFG3                             00000003
PCL                               00000FF9
PCLATH                            00000FFA
PCLATU                            00000FFB
PD                                00000002
PDC0                              00000000
PDC1                              00000001
PDC2                              00000002
PDC3                              00000003
PDC4                              00000004
PDC5                              00000005
PDC6                              00000006
MPASM  5.51                    PRATICA1_3.ASM   9-6-2016  18:16:43         PAGE 14


SYMBOL TABLE
  LABEL                             VALUE 

PEIE                              00000006
PEIE_GIEL                         00000006
PEN                               00000002
PGC                               00000006
PGD                               00000007
PGM                               00000005
PIDEE                             00000000
PIDEF                             00000000
PIE1                              00000F9D
PIE2                              00000FA0
PIR1                              00000F9E
PIR2                              00000FA1
PKTDIS                            00000004
PLUSW0                            00000FEB
PLUSW1                            00000FE3
PLUSW2                            00000FDB
POR                               00000001
PORTA                             00000F80
PORTB                             00000F81
PORTC                             00000F82
PORTD                             00000F83
PORTE                             00000F84
POSTDEC0                          00000FED
POSTDEC1                          00000FE5
POSTDEC2                          00000FDD
POSTINC0                          00000FEE
POSTINC1                          00000FE6
POSTINC2                          00000FDE
PPB0                              00000000
PPB1                              00000001
PPBI                              00000001
PPBRST                            00000006
PR2                               00000FCB
PREINC0                           00000FEC
PREINC1                           00000FE4
PREINC2                           00000FDC
PROD                              00000FF3
PRODH                             00000FF4
PRODL                             00000FF3
PRSEN                             00000007
PSA                               00000003
PSSAC0                            00000002
PSSAC1                            00000003
PSSBD0                            00000000
PSSBD1                            00000001
R                                 00000002
RA0                               00000000
RA1                               00000001
RA2                               00000002
RA3                               00000003
RA4                               00000004
RA5                               00000005
RA6                               00000006
MPASM  5.51                    PRATICA1_3.ASM   9-6-2016  18:16:43         PAGE 15


SYMBOL TABLE
  LABEL                             VALUE 

RB0                               00000000
RB1                               00000001
RB2                               00000002
RB3                               00000003
RB4                               00000004
RB5                               00000005
RB6                               00000006
RB7                               00000007
RBIE                              00000003
RBIF                              00000000
RBIP                              00000000
RBPU                              00000007
RC0                               00000000
RC1                               00000001
RC2                               00000002
RC4                               00000004
RC5                               00000005
RC6                               00000006
RC7                               00000007
RCEN                              00000003
RCIDL                             00000006
RCIE                              00000005
RCIF                              00000005
RCIP                              00000005
RCMT                              00000006
RCON                              00000FD0
RCREG                             00000FAE
RCSTA                             00000FAB
RD                                00000000
RD0                               00000000
RD1                               00000001
RD16                              00000007
RD2                               00000002
RD3                               00000003
RD4                               00000004
RD5                               00000005
RD6                               00000006
RD7                               00000007
RDPU                              00000007
RDSPP                             00000007
RE0                               00000000
RE1                               00000001
RE2                               00000002
RE3                               00000003
READ_WRITE                        00000002
RELE                              PORTC,0
RESUME                            00000002
RI                                00000004
RSEN                              00000001
RX                                00000007
RX9                               00000006
RX9D                              00000000
RXDTP                             00000005
MPASM  5.51                    PRATICA1_3.ASM   9-6-2016  18:16:43         PAGE 16


SYMBOL TABLE
  LABEL                             VALUE 

R_NOT_W                           00000002
R_W                               00000002
S                                 00000003
SBOREN                            00000006
SCKP                              00000004
SCS0                              00000000
SCS1                              00000001
SE0                               00000005
SEGMENT_A1                        PORTD,5
SEGMENT_A2                        PORTC,6
SEGMENT_B1                        PORTD,4
SEGMENT_B2                        PORTD,2
SEGMENT_C1                        PORTB,5
SEGMENT_C2                        PORTB,0
SEGMENT_D1                        PORTB,6
SEGMENT_D2                        PORTB,2
SEGMENT_E1                        PORTB,7
SEGMENT_E2                        PORTB,3
SEGMENT_F1                        PORTD,7
SEGMENT_F2                        PORTC,7
SEGMENT_G1                        PORTD,6
SEGMENT_G2                        PORTB,1
SEN                               00000000
SENDB                             00000003
SMP                               00000007
SOFIE                             00000006
SOFIF                             00000006
SPBRG                             00000FAF
SPBRGH                            00000FB0
SPEN                              00000007
SPP0                              00000000
SPP1                              00000001
SPP2                              00000002
SPP3                              00000003
SPP4                              00000004
SPP5                              00000005
SPP6                              00000006
SPP7                              00000007
SPPBUSY                           00000004
SPPCFG                            00000F63
SPPCON                            00000F65
SPPDATA                           00000F62
SPPEN                             00000000
SPPEPS                            00000F64
SPPIE                             00000007
SPPIF                             00000007
SPPIP                             00000007
SPPOWN                            00000001
SREN                              00000005
SSPADD                            00000FC8
SSPBUF                            00000FC9
SSPCON1                           00000FC6
SSPCON2                           00000FC5
MPASM  5.51                    PRATICA1_3.ASM   9-6-2016  18:16:43         PAGE 17


SYMBOL TABLE
  LABEL                             VALUE 

SSPEN                             00000005
SSPIE                             00000003
SSPIF                             00000003
SSPIP                             00000003
SSPM0                             00000000
SSPM1                             00000001
SSPM2                             00000002
SSPM3                             00000003
SSPOV                             00000006
SSPSTAT                           00000FC7
STALLIE                           00000005
STALLIF                           00000005
STATUS                            00000FD8
STKFUL                            00000007
STKOVF                            00000007
STKPTR                            00000FFC
STKPTR0                           00000000
STKPTR1                           00000001
STKPTR2                           00000002
STKPTR3                           00000003
STKPTR4                           00000004
STKUNF                            00000006
SUSPND                            00000001
SWDTE                             00000000
SWDTEN                            00000000
SYNC                              00000004
T08BIT                            00000006
T0CKI                             00000004
T0CON                             00000FD5
T0CS                              00000005
T0IE                              00000005
T0IF                              00000002
T0IP                              00000002
T0PS0                             00000000
T0PS1                             00000001
T0PS2                             00000002
T0SE                              00000004
T13CKI                            00000000
T1CKPS0                           00000004
T1CKPS1                           00000005
T1CON                             00000FCD
T1OSCEN                           00000003
T1OSI                             00000001
T1OSO                             00000000
T1RUN                             00000006
T1SYNC                            00000002
T2CKPS0                           00000000
T2CKPS1                           00000001
T2CON                             00000FCA
T2OUTPS0                          00000003
T2OUTPS1                          00000004
T2OUTPS2                          00000005
T2OUTPS3                          00000006
MPASM  5.51                    PRATICA1_3.ASM   9-6-2016  18:16:43         PAGE 18


SYMBOL TABLE
  LABEL                             VALUE 

T3CCP1                            00000003
T3CCP2                            00000006
T3CKPS0                           00000004
T3CKPS1                           00000005
T3CON                             00000FB1
T3NSYNC                           00000002
T3SYNC                            00000002
TABLAT                            00000FF5
TBLPTR                            00000FF6
TBLPTRH                           00000FF7
TBLPTRL                           00000FF6
TBLPTRU                           00000FF8
TMR0                              00000FD6
TMR0H                             00000FD7
TMR0IE                            00000005
TMR0IF                            00000002
TMR0IP                            00000002
TMR0L                             00000FD6
TMR0ON                            00000007
TMR1                              00000FCE
TMR1CS                            00000001
TMR1H                             00000FCF
TMR1IE                            00000000
TMR1IF                            00000000
TMR1IP                            00000000
TMR1L                             00000FCE
TMR1ON                            00000000
TMR2                              00000FCC
TMR2IE                            00000001
TMR2IF                            00000001
TMR2IP                            00000001
TMR2ON                            00000002
TMR3                              00000FB2
TMR3CS                            00000001
TMR3H                             00000FB3
TMR3IE                            00000001
TMR3IF                            00000001
TMR3IP                            00000001
TMR3L                             00000FB2
TMR3ON                            00000000
TO                                00000003
TOS                               00000FFD
TOSH                              00000FFE
TOSL                              00000FFD
TOSU                              00000FFF
TOUTPS0                           00000003
TOUTPS1                           00000004
TOUTPS2                           00000005
TOUTPS3                           00000006
TRISA                             00000F92
TRISA0                            00000000
TRISA1                            00000001
TRISA2                            00000002
MPASM  5.51                    PRATICA1_3.ASM   9-6-2016  18:16:43         PAGE 19


SYMBOL TABLE
  LABEL                             VALUE 

TRISA3                            00000003
TRISA4                            00000004
TRISA5                            00000005
TRISA6                            00000006
TRISB                             00000F93
TRISB0                            00000000
TRISB1                            00000001
TRISB2                            00000002
TRISB3                            00000003
TRISB4                            00000004
TRISB5                            00000005
TRISB6                            00000006
TRISB7                            00000007
TRISC                             00000F94
TRISC0                            00000000
TRISC1                            00000001
TRISC2                            00000002
TRISC6                            00000006
TRISC7                            00000007
TRISD                             00000F95
TRISD0                            00000000
TRISD1                            00000001
TRISD2                            00000002
TRISD3                            00000003
TRISD4                            00000004
TRISD5                            00000005
TRISD6                            00000006
TRISD7                            00000007
TRISE                             00000F96
TRISE0                            00000000
TRISE1                            00000001
TRISE2                            00000002
TRMT                              00000001
TRNIE                             00000003
TRNIF                             00000003
TUN0                              00000000
TUN1                              00000001
TUN2                              00000002
TUN3                              00000003
TUN4                              00000004
TX                                00000006
TX9                               00000006
TX9D                              00000000
TXCKP                             00000004
TXEN                              00000005
TXIE                              00000004
TXIF                              00000004
TXIP                              00000004
TXREG                             00000FAD
TXSTA                             00000FAC
UA                                00000001
UADDR                             00000F6E
UCFG                              00000F6F
MPASM  5.51                    PRATICA1_3.ASM   9-6-2016  18:16:43         PAGE 20


SYMBOL TABLE
  LABEL                             VALUE 

UCON                              00000F6D
UEIE                              00000F6B
UEIR                              00000F6A
UEP0                              00000F70
UEP1                              00000F71
UEP10                             00000F7A
UEP11                             00000F7B
UEP12                             00000F7C
UEP13                             00000F7D
UEP14                             00000F7E
UEP15                             00000F7F
UEP2                              00000F72
UEP3                              00000F73
UEP4                              00000F74
UEP5                              00000F75
UEP6                              00000F76
UEP7                              00000F77
UEP8                              00000F78
UEP9                              00000F79
UERRIE                            00000001
UERRIF                            00000001
UFRM                              00000F66
UFRMH                             00000F67
UFRML                             00000F66
UIE                               00000F69
UIR                               00000F68
UOEMON                            00000006
UPUEN                             00000004
URSTIE                            00000000
URSTIF                            00000000
USBEN                             00000003
USBIE                             00000005
USBIF                             00000005
USBIP                             00000005
USTAT                             00000F6C
UTEYE                             00000007
UTRDIS                            00000003
VCFG0                             00000004
VCFG1                             00000005
VDIRMAG                           00000007
VREFM                             00000002
VREFP                             00000003
W                                 00000000
WCOL                              00000007
WDTCON                            00000FD1
WR                                00000001
WREG                              00000FE8
WREN                              00000002
WRERR                             00000003
WRSPP                             00000006
WS0                               00000000
WS1                               00000001
WS2                               00000002
MPASM  5.51                    PRATICA1_3.ASM   9-6-2016  18:16:43         PAGE 21


SYMBOL TABLE
  LABEL                             VALUE 

WS3                               00000003
WUE                               00000001
Z                                 00000002
_BORV_0_2L                        000000E7
_BORV_1_2L                        000000EF
_BORV_2_2L                        000000F7
_BORV_3_2L                        000000FF
_BOR_OFF_2L                       000000F9
_BOR_ON_2L                        000000FF
_BOR_ON_ACTIVE_2L                 000000FD
_BOR_SOFT_2L                      000000FB
_CCP2MX_OFF_3H                    000000FE
_CCP2MX_ON_3H                     000000FF
_CONFIG1H                         00300001
_CONFIG1L                         00300000
_CONFIG2H                         00300003
_CONFIG2L                         00300002
_CONFIG3H                         00300005
_CONFIG4L                         00300006
_CONFIG5H                         00300009
_CONFIG5L                         00300008
_CONFIG6H                         0030000B
_CONFIG6L                         0030000A
_CONFIG7H                         0030000D
_CONFIG7L                         0030000C
_CP0_OFF_5L                       000000FF
_CP0_ON_5L                        000000FE
_CP1_OFF_5L                       000000FF
_CP1_ON_5L                        000000FD
_CP2_OFF_5L                       000000FF
_CP2_ON_5L                        000000FB
_CP3_OFF_5L                       000000FF
_CP3_ON_5L                        000000F7
_CPB_OFF_5H                       000000FF
_CPB_ON_5H                        000000BF
_CPD_OFF_5H                       000000FF
_CPD_ON_5H                        0000007F
_CPUDIV_OSC1_PLL2_1L              000000E7
_CPUDIV_OSC2_PLL3_1L              000000EF
_CPUDIV_OSC3_PLL4_1L              000000F7
_CPUDIV_OSC4_PLL6_1L              000000FF
_DEBUG_OFF_4L                     000000FF
_DEBUG_ON_4L                      0000007F
_DEVID1                           003FFFFE
_DEVID2                           003FFFFF
_EBTR0_OFF_7L                     000000FF
_EBTR0_ON_7L                      000000FE
_EBTR1_OFF_7L                     000000FF
_EBTR1_ON_7L                      000000FD
_EBTR2_OFF_7L                     000000FF
_EBTR2_ON_7L                      000000FB
_EBTR3_OFF_7L                     000000FF
_EBTR3_ON_7L                      000000F7
MPASM  5.51                    PRATICA1_3.ASM   9-6-2016  18:16:43         PAGE 22


SYMBOL TABLE
  LABEL                             VALUE 

_EBTRB_OFF_7H                     000000FF
_EBTRB_ON_7H                      000000BF
_FCMEN_OFF_1H                     000000BF
_FCMEN_ON_1H                      000000FF
_FOSC_ECIO_EC_1H                  000000F4
_FOSC_ECPLLIO_EC_1H               000000F6
_FOSC_ECPLL_EC_1H                 000000F7
_FOSC_EC_EC_1H                    000000F5
_FOSC_HSPLL_HS_1H                 000000FE
_FOSC_HS_1H                       000000FC
_FOSC_INTOSCIO_EC_1H              000000F8
_FOSC_INTOSC_EC_1H                000000F9
_FOSC_INTOSC_HS_1H                000000FB
_FOSC_INTOSC_XT_1H                000000FA
_FOSC_XTPLL_XT_1H                 000000F2
_FOSC_XT_XT_1H                    000000F0
_ICPRT_OFF_4L                     000000DF
_ICPRT_ON_4L                      000000FF
_IDLOC0                           00200000
_IDLOC1                           00200001
_IDLOC2                           00200002
_IDLOC3                           00200003
_IDLOC4                           00200004
_IDLOC5                           00200005
_IDLOC6                           00200006
_IDLOC7                           00200007
_IESO_OFF_1H                      0000007F
_IESO_ON_1H                       000000FF
_LPT1OSC_OFF_3H                   000000FB
_LPT1OSC_ON_3H                    000000FF
_LVP_OFF_4L                       000000FB
_LVP_ON_4L                        000000FF
_MCLRE_OFF_3H                     0000007F
_MCLRE_ON_3H                      000000FF
_PBADEN_OFF_3H                    000000FD
_PBADEN_ON_3H                     000000FF
_PLLDIV_10_1L                     000000FE
_PLLDIV_12_1L                     000000FF
_PLLDIV_1_1L                      000000F8
_PLLDIV_2_1L                      000000F9
_PLLDIV_3_1L                      000000FA
_PLLDIV_4_1L                      000000FB
_PLLDIV_5_1L                      000000FC
_PLLDIV_6_1L                      000000FD
_PWRT_OFF_2L                      000000FF
_PWRT_ON_2L                       000000FE
_STVREN_OFF_4L                    000000FE
_STVREN_ON_4L                     000000FF
_USBDIV_1_1L                      000000DF
_USBDIV_2_1L                      000000FF
_VREGEN_OFF_2L                    000000DF
_VREGEN_ON_2L                     000000FF
_WDTPS_1024_2H                    000000F5
MPASM  5.51                    PRATICA1_3.ASM   9-6-2016  18:16:43         PAGE 23


SYMBOL TABLE
  LABEL                             VALUE 

_WDTPS_128_2H                     000000EF
_WDTPS_16384_2H                   000000FD
_WDTPS_16_2H                      000000E9
_WDTPS_1_2H                       000000E1
_WDTPS_2048_2H                    000000F7
_WDTPS_256_2H                     000000F1
_WDTPS_2_2H                       000000E3
_WDTPS_32768_2H                   000000FF
_WDTPS_32_2H                      000000EB
_WDTPS_4096_2H                    000000F9
_WDTPS_4_2H                       000000E5
_WDTPS_512_2H                     000000F3
_WDTPS_64_2H                      000000ED
_WDTPS_8192_2H                    000000FB
_WDTPS_8_2H                       000000E7
_WDT_OFF_2H                       000000FE
_WDT_ON_2H                        000000FF
_WRT0_OFF_6L                      000000FF
_WRT0_ON_6L                       000000FE
_WRT1_OFF_6L                      000000FF
_WRT1_ON_6L                       000000FD
_WRT2_OFF_6L                      000000FF
_WRT2_ON_6L                       000000FB
_WRT3_OFF_6L                      000000FF
_WRT3_ON_6L                       000000F7
_WRTB_OFF_6H                      000000FF
_WRTB_ON_6H                       000000BF
_WRTC_OFF_6H                      000000FF
_WRTC_ON_6H                       000000DF
_WRTD_OFF_6H                      000000FF
_WRTD_ON_6H                       0000007F
_XINST_OFF_4L                     000000BF
_XINST_ON_4L                      000000FF
__18F4550                         00000001
__DEBUG                           1


MEMORY USAGE MAP ('X' = Used,  '-' = Unused)

0000 : XX-------------- ---------------- ---------------- ----------------
1000 : XXXXXXXXXXXXXXXX XXXXXXXXXXXXXXXX XXXXXXXXXXXXXXXX XXXXXXXXXXXXXXXX
1040 : XXXXXXXXXXXXXXXX XXXXXXXXXXXXXXXX XXXXXXXXXXXXXXXX XXXXXXXXXXXXXXXX
1080 : XXXXXXXXXXXXXXXX XXXXXXXXXXXXXXXX XXXXXXXXXXXXXXXX XXXXXXXXXXXXXXXX
10C0 : XXXXXXXXXXXXXXXX XXXXXXXXXXXXXXXX XXXXXXXXXXXXXXXX XXXXXXXXXXXXXXXX
1100 : XXXXXXXXXXXXXXXX XXXXXXXXXXXXXXXX XXXXXXXXXXXXXXXX XXXXXXXXXXXXXXXX
1140 : XXXXXX---------- ---------------- ---------------- ----------------
MPASM  5.51                    PRATICA1_3.ASM   9-6-2016  18:16:43         PAGE 24


MEMORY USAGE MAP ('X' = Used,  '-' = Unused)


0000 : XXXX-XX-XXXXXX-- ---------------- ---------------- ----------------

All other memory blocks unused.

Program Memory Bytes Used:   340
Program Memory Bytes Free: 32428


Errors   :     0
Warnings :     1 reported,     0 suppressed
Messages :     0 reported,     0 suppressed

